This is TeX, Version 3.14159 (Web2C 7.4.5) (format=latex 2003.3.28)  15 JUL 2004 15:49
**thesis
(./thesis.tex
LaTeX2e <2001/06/01>
Babel <v3.7h> and hyphenation patterns for american, french, german, ngerman, n
ohyphenation, loaded.
(./puthesis.cls
Document Class: puthesis 2003/04/23 Purdue thesis class
(./cite.sty
Package: cite 1999/04/23  v 3.8
)
(/package/teTeX/2.0.2/sparc-sunos5.8/share/texmf/tex/latex/base/ifthen.sty
Package: ifthen 2001/05/26 v1.1c Standard LaTeX ifthen package (DPC)
)
(/package/teTeX/2.0.2/sparc-sunos5.8/share/texmf/tex/latex/misc/endnotes.sty
\c@endnote=\count79
\endnotesep=\dimen102
\@enotes=\write3
)
(./pulongtable.sty
Package: pulongtable 1998/05/13 v4.09 Multi-page Table package (DPC)
\LTleft=\skip41
\LTright=\skip42
\LTpre=\skip43
\LTpost=\skip44
\LTchunksize=\count80
\LTcapwidth=\dimen103
\LT@head=\box26
\LT@firsthead=\box27
\LT@foot=\box28
\LT@lastfoot=\box29
\LT@cols=\count81
\LT@rows=\count82
\c@LT@tables=\count83
\c@LT@chunks=\count84
\LT@p@ftn=\toks14
) (./rotating.sty
Package: rotating 1997/09/26, v2.13 Rotation package

(/package/teTeX/2.0.2/sparc-sunos5.8/share/texmf/tex/latex/graphics/graphicx.st
y
Package: graphicx 1999/02/16 v1.0f Enhanced LaTeX Graphics (DPC,SPQR)

(/package/teTeX/2.0.2/sparc-sunos5.8/share/texmf/tex/latex/graphics/keyval.sty
Package: keyval 1999/03/16 v1.13 key=value parser (DPC)
\KV@toks@=\toks15
)
(/package/teTeX/2.0.2/sparc-sunos5.8/share/texmf/tex/latex/graphics/graphics.st
y
Package: graphics 2001/07/07 v1.0n Standard LaTeX Graphics (DPC,SPQR)
 (/package/teTeX/2.0.2/sparc-sunos5.8/share/texmf/tex/latex/graphics/trig.sty
Package: trig 1999/03/16 v1.09 sin cos tan (DPC)
) (/package/teTeX/2.0.2/sparc-sunos5.8/share/texmf/tex/latex/config/graphics.cf
g
File: graphics.cfg 2001/08/31 v1.1 graphics configuration of teTeX/TeXLive
)
Package graphics Info: Driver file: dvips.def on input line 80.
 (/package/teTeX/2.0.2/sparc-sunos5.8/share/texmf/tex/latex/graphics/dvips.def
File: dvips.def 1999/02/16 v3.0i Driver-dependant file (DPC,SPQR)
))
\Gin@req@height=\dimen104
\Gin@req@width=\dimen105
)
\c@r@tfl@t=\count85
\rot@float@box=\box30
)
(/package/teTeX/2.0.2/sparc-sunos5.8/share/texmf/tex/latex/graphics/lscape.sty
Package: lscape 2000/10/22 v3.01 Landscape Pages (DPC)
)
\@@tcount=\count86
\@@tlength=\skip45
(/package/teTeX/2.0.2/sparc-sunos5.8/share/texmf/tex/latex/base/report.cls
Document Class: report 2001/04/21 v1.4e Standard LaTeX document class
(/package/teTeX/2.0.2/sparc-sunos5.8/share/texmf/tex/latex/base/size12.clo
File: size12.clo 2001/04/21 v1.4e Standard LaTeX file (size option)
)
\c@part=\count87
\c@chapter=\count88
\c@section=\count89
\c@subsection=\count90
\c@subsubsection=\count91
\c@paragraph=\count92
\c@subparagraph=\count93
\c@figure=\count94
\c@table=\count95
\abovecaptionskip=\skip46
\belowcaptionskip=\skip47
\bibindent=\dimen106
)
\c@definition=\count96
\c@observation=\count97
\proofbox=\box31
\c@Proof=\count98
\c@proposition=\count99
\c@theorem=\count100
)
(./thesis.aux (./front.aux) (./chintro.aux) (./chtheory.aux

LaTeX Warning: Label `efield' multiply defined.

) (./chexp.aux))
\openout1 = `thesis.aux'.

LaTeX Font Info:    Checking defaults for OML/cmm/m/it on input line 91.
LaTeX Font Info:    ... okay on input line 91.
LaTeX Font Info:    Checking defaults for T1/cmr/m/n on input line 91.
LaTeX Font Info:    ... okay on input line 91.
LaTeX Font Info:    Checking defaults for OT1/cmr/m/n on input line 91.
LaTeX Font Info:    ... okay on input line 91.
LaTeX Font Info:    Checking defaults for OMS/cmsy/m/n on input line 91.
LaTeX Font Info:    ... okay on input line 91.
LaTeX Font Info:    Checking defaults for OMX/cmex/m/n on input line 91.
LaTeX Font Info:    ... okay on input line 91.
LaTeX Font Info:    Checking defaults for U/cmr/m/n on input line 91.
LaTeX Font Info:    ... okay on input line 91.
\openout2 = `front.aux'.

 (./front.tex [1


] [2] [3

] [4

] (./thesis.toc
LaTeX Font Info:    External font `cmex10' loaded for size
(Font)              <12> on input line 1.
LaTeX Font Info:    External font `cmex10' loaded for size
(Font)              <8> on input line 1.
LaTeX Font Info:    External font `cmex10' loaded for size
(Font)              <6> on input line 1.
)
\tf@toc=\write4
\openout4 = `thesis.toc'.

 [5

] (./thesis.lot)
\tf@lot=\write5
\openout5 = `thesis.lot'.

[6

] (./thesis.lof)
\tf@lof=\write6
\openout6 = `thesis.lof'.

 [7

]) [8

]
\openout2 = `chintro.aux'.

 (./chintro.tex
Chapter 1.

Underfull \vbox (badness 10000) has occurred while \output is active []

 [1



]
File: optsysschem2.eps Graphic file (type eps)

<optsysschem2.eps>
Overfull \hbox (5.01875pt too wide) in paragraph at lines 98--101
[][]
 []


Underfull \hbox (badness 10000) in paragraph at lines 98--101

 []


Underfull \vbox (badness 10000) has occurred while \output is active []

 [2]
Underfull \vbox (badness 10000) has occurred while \output is active []

 [3]
[4] [5]
Overfull \hbox (34.54788pt too wide) in alignment at lines 209--229
 [][][] []
 []

[6]
File: extheo.eps Graphic file (type eps)
 <extheo.eps>
Overfull \hbox (29.10875pt too wide) in paragraph at lines 264--271
[][]
 []


Underfull \hbox (badness 10000) in paragraph at lines 264--271

 []

) [7] [8]
\openout2 = `chtheory.aux'.

 (./chtheory.tex
Chapter 2.

Underfull \vbox (badness 10000) has occurred while \output is active []

 [9



]
File: coordsys2.eps Graphic file (type eps)

<coordsys2.eps>
File: focusshift.eps Graphic file (type eps)
 <focusshift.eps>
Overfull \hbox (81.30376pt too wide) in paragraph at lines 92--95
[][]
 []


Underfull \hbox (badness 10000) in paragraph at lines 92--95

 []

[10] [11] [12] [13] [14]
Overfull \hbox (9.24095pt too wide) in paragraph at lines 262--269
[]\OT1/cmr/m/n/12 This non-lin-ear po-lar-iza-tion con-sists of two parts. One 
part, $2\OML/cmm/m/it/12 d[] []$\OT1/cmr/m/n/12 ,
 []


Overfull \hbox (21.3182pt too wide) in paragraph at lines 284--289
[]\OT1/cmr/m/n/12 By us-ing an elec-tric field of the form $[]\OML/cmm/m/it/12 
E[]\OT1/cmr/m/n/12 (\OML/cmm/m/it/12 z; t\OT1/cmr/m/n/12 ) = [] []$ and equatio
n(2.10[]),
 []

[15]
Overfull \hbox (32.04869pt too wide) detected at line 345
[]
 []

[16]
File: polcryst.eps Graphic file (type eps)
 <polcryst.eps> [17] [18]
File: polcharge.eps Graphic file (type eps)
 <polcharge.eps>
Overfull \hbox (8.03pt too wide) in paragraph at lines 460--466
[][]
 []


Underfull \hbox (badness 10000) in paragraph at lines 460--466

 []

File: ORresult.eps Graphic file (type eps)
<ORresult.eps>
Overfull \hbox (6.0225pt too wide) in paragraph at lines 482--486
[][]
 []


Underfull \hbox (badness 10000) in paragraph at lines 482--486

 []

) [19] [20]
\openout2 = `chexp.aux'.

 (./chexp.tex
Chapter 3.
File: ORexp.eps Graphic file (type eps)
<ORexp.eps>
Overfull \hbox (90.33751pt too wide) in paragraph at lines 22--25
[][]
 []


Underfull \hbox (badness 10000) in paragraph at lines 22--25

 []

[21



]
Underfull \vbox (badness 10000) has occurred while \output is active []

 [22]
[23]
File: inde.eps Graphic file (type eps)
 <inde.eps>
Overfull \hbox (27.10126pt too wide) in paragraph at lines 160--165
[][]
 []


Underfull \hbox (badness 10000) in paragraph at lines 160--165

 []


LaTeX Warning: Float too large for page by 33.00252pt on input line 167.


Underfull \vbox (badness 10000) has occurred while \output is active []

 [24]
[25]
File: fliptheo.eps Graphic file (type eps)
 <fliptheo.eps>
Overfull \hbox (18.0675pt too wide) in paragraph at lines 192--198
[][]
 []


Underfull \hbox (badness 10000) in paragraph at lines 192--198

 []

) [26] [27] (./thesis.bbl [28


] [28

])

                                      ||
                                      ||
                                  see || below
                                      ||
                                   \\ || //
                                    \\||//
                                     \\//
+----------------------------------------------------------------------------+
| This document is using the 2003/04/23 version of puthesis.cls.  It was     |
| probably read in because you used \documentclass{puthesis}.                |
|                                                                            |
| See http://www.ecn.purdue.edu/ECN/Documents/tex/unix for instructions on   |
| how to run the the latex in /usr/site/ecn/tetex/bin.                       |
|                                                                            |
| Get old versions of this puthesis.cls file from                            |
|    http://www.ecn.purdue.edu/ECN/Documents/thesis                          |
| if you suspect a recent change broke your document.  I only support the    |
| latest version of this file installed in the system directory.             |
|                                                                            |
| This file may be being read from your directory or a system directory.     |
| To find out which is being used search for ``puthesis.cls'' near the       |
| beginning of this log.  If it says                                         |
|    (puthesis.cls                                                           |
| it's from your directory.  If it says                                      |
|    (/package/teTeX/1.0.7/sparc-sunos5.6/share/texmf/tex/local/puthesis.cls |
| it's from the default system directory.                                    |
|                                                                            |
| ON ECN SUN COMPUTERS, if you want to use the sytem ``puthesis.cls'' type   |
|    mv -i puthesis.cls puthesis.cls.save                                    |
| This will rename your puthesis.cls to puthesis.cls.save, the -i option     |
| will ask you if you want to write over an existing puthesis.cls.save       |
| file.                                                                      |
+----------------------------------------------------------------------------+
                                     //\\
                                    //||\\
                                   // || \\
                                      ||
                                  see || above
                                      ||
                                      ||

[29] (./thesis.aux (./front.aux) (./chintro.aux) (./chtheory.aux) (./chexp.aux)
)

LaTeX Warning: There were multiply-defined labels.

 ) 
Here is how much of TeX's memory you used:
 1150 strings out of 95847
 13849 string characters out of 1195216
 70223 words of memory out of 1000001
 4064 multiletter control sequences out of 10000+50000
 7635 words of font info for 27 fonts, out of 500000 for 1000
 14 hyphenation exceptions out of 1000
 39i,12n,23p,223b,350s stack positions out of 1500i,500n,5000p,200000b,5000s

Output written on thesis.dvi (38 pages, 78588 bytes).
